<?xml version="1.0" encoding="UTF-8"?>
<!-- Generated by org.testng.reporters.JUnitReportReporter -->
<testsuite hostname="Mounika" failures="0" tests="3" name="Assessment.TestCase" time="274.197" errors="0" timestamp="2025-11-19T21:23:48 IST" skipped="0">
  <testcase classname="Assessment.TestCase" name="elPaisArticleScraper" time="120.798"/>
  <testcase classname="Assessment.TestCase" name="elPaisArticleScraper" time="64.094"/>
  <testcase classname="Assessment.TestCase" name="elPaisArticleScraper" time="89.305"/>
</testsuite> <!-- Assessment.TestCase -->
