<?xml version="1.0" encoding="UTF-8"?>
<!-- Generated by org.testng.reporters.JUnitXMLReporter -->
<testsuite ignored="0" hostname="Mounika" failures="1" tests="1" name="Default test" time="38.466" errors="0" timestamp="2025-11-19T21:07:03 IST">
  <testcase classname="Assessment.TestCase" name="elPaisArticleScraper" time="21.373">
    <failure type="java.lang.RuntimeException" message="org.openqa.selenium.ElementClickInterceptedException: element click intercepted: Element &amp;lt;a class=&amp;quot;c_k  &amp;quot; href=&amp;quot;https://elpais.com/opinion/editoriales/&amp;quot; data-mrf-link=&amp;quot;https://elpais.com/opinion/editoriales/&amp;quot; cmp-ltrk=&amp;quot;portada_apertura&amp;quot; cmp-ltrk-idx=&amp;quot;0&amp;quot; mrfobservableid=&amp;quot;e0a2863c-d24b-4503-9c23-669647c4c34d&amp;quot;&amp;gt;...&amp;lt;/a&amp;gt; is not clickable at point (232, 5). Other element would receive the click: &amp;lt;div id=&amp;quot;didomi-notice&amp;quot; data-testid=&amp;quot;notice&amp;quot; class=&amp;quot;didomi-regular-notice didomi-banner-notice-info-type didomi-notice-banner shape-banner top didomi-regular-notice-with-data-processing didomi-support-full-height&amp;quot; style=&amp;quot;background-color: rgb(255, 255, 255); color: rgb(0, 0, 0); border-color: rgb(1, 108, 162);&amp;quot;&amp;gt;...&amp;lt;/div&amp;gt;
  (Session info: chrome=142.0.7444.60)
Build info: version: &amp;apos;4.23.0&amp;apos;, revision: &amp;apos;4df0a231af&amp;apos;
System info: os.name: &amp;apos;Windows 11&amp;apos;, os.arch: &amp;apos;amd64&amp;apos;, os.version: &amp;apos;10.0&amp;apos;, java.version: &amp;apos;22.0.1&amp;apos;
Driver info: org.openqa.selenium.remote.RemoteWebDriver
Command: [629c10a4b09dbb4029d7bc4652ee4f10f191f677, clickElement {id=f.FAAD76E4D8FB5B3EB74B2A31BD0512F5.d.14ADA7E66B068976F2F45D677D58B954.e.102}]
Capabilities {acceptInsecureCerts: false, browserName: chrome, browserVersion: 142.0.7444.60, chrome: {chromedriverVersion: 142.0.7444.59 (4b8153ab58d3..., userDataDir: C:\Windows\proxy\scoped_dir...}, fedcm:accounts: true, goog:chromeOptions: {debuggerAddress: localhost:7370}, goog:loggingPrefs: {browser: SEVERE, driver: ALL, performance: ALL, server: ALL}, goog:processID: 5140, networkConnectionEnabled: false, pageLoadStrategy: normal, platformName: Windows XP, proxy: Proxy(), se:bidiEnabled: false, se:cdpVersion: 142.0.7444.60, setWindowRect: true, strictFileInteractability: false, timeouts: {implicit: 0, pageLoad: 300000, script: 30000}, unhandledPromptBehavior: dismiss and notify, webauthn:extension:credBlob: true, webauthn:extension:largeBlob: true, webauthn:extension:minPinLength: true, webauthn:extension:prf: true, webauthn:virtualAuthenticators: true}
Element: [[[[RemoteWebDriver: chrome on Windows XP (629c10a4b09dbb4029d7bc4652ee4f10f191f677)] -&amp;gt; tag name: article]] -&amp;gt; tag name: a]
Session ID: 629c10a4b09dbb4029d7bc4652ee4f10f191f677">
      <![CDATA[java.lang.RuntimeException: org.openqa.selenium.ElementClickInterceptedException: element click intercepted: Element <a class="c_k  " href="https://elpais.com/opinion/editoriales/" data-mrf-link="https://elpais.com/opinion/editoriales/" cmp-ltrk="portada_apertura" cmp-ltrk-idx="0" mrfobservableid="e0a2863c-d24b-4503-9c23-669647c4c34d">...</a> is not clickable at point (232, 5). Other element would receive the click: <div id="didomi-notice" data-testid="notice" class="didomi-regular-notice didomi-banner-notice-info-type didomi-notice-banner shape-banner top didomi-regular-notice-with-data-processing didomi-support-full-height" style="background-color: rgb(255, 255, 255); color: rgb(0, 0, 0); border-color: rgb(1, 108, 162);">...</div>
  (Session info: chrome=142.0.7444.60)
Build info: version: '4.23.0', revision: '4df0a231af'
System info: os.name: 'Windows 11', os.arch: 'amd64', os.version: '10.0', java.version: '22.0.1'
Driver info: org.openqa.selenium.remote.RemoteWebDriver
Command: [629c10a4b09dbb4029d7bc4652ee4f10f191f677, clickElement {id=f.FAAD76E4D8FB5B3EB74B2A31BD0512F5.d.14ADA7E66B068976F2F45D677D58B954.e.102}]
Capabilities {acceptInsecureCerts: false, browserName: chrome, browserVersion: 142.0.7444.60, chrome: {chromedriverVersion: 142.0.7444.59 (4b8153ab58d3..., userDataDir: C:\Windows\proxy\scoped_dir...}, fedcm:accounts: true, goog:chromeOptions: {debuggerAddress: localhost:7370}, goog:loggingPrefs: {browser: SEVERE, driver: ALL, performance: ALL, server: ALL}, goog:processID: 5140, networkConnectionEnabled: false, pageLoadStrategy: normal, platformName: Windows XP, proxy: Proxy(), se:bidiEnabled: false, se:cdpVersion: 142.0.7444.60, setWindowRect: true, strictFileInteractability: false, timeouts: {implicit: 0, pageLoad: 300000, script: 30000}, unhandledPromptBehavior: dismiss and notify, webauthn:extension:credBlob: true, webauthn:extension:largeBlob: true, webauthn:extension:minPinLength: true, webauthn:extension:prf: true, webauthn:virtualAuthenticators: true}
Element: [[[[RemoteWebDriver: chrome on Windows XP (629c10a4b09dbb4029d7bc4652ee4f10f191f677)] -> tag name: article]] -> tag name: a]
Session ID: 629c10a4b09dbb4029d7bc4652ee4f10f191f677
at Assessment.TestCase.elPaisArticleScraper(TestCase.java:120)
at java.base/jdk.internal.reflect.DirectMethodHandleAccessor.invoke(DirectMethodHandleAccessor.java:103)
at java.base/java.lang.reflect.Method.invoke(Method.java:580)
at org.testng.internal.invokers.MethodInvocationHelper.invokeMethod(MethodInvocationHelper.java:141)
at org.testng.internal.invokers.TestInvoker.invokeMethod(TestInvoker.java:686)
at org.testng.internal.invokers.TestInvoker.invokeTestMethod(TestInvoker.java:230)
at org.testng.internal.invokers.MethodRunner.runInSequence(MethodRunner.java:63)
at org.testng.internal.invokers.TestInvoker$MethodInvocationAgent.invoke(TestInvoker.java:992)
at org.testng.internal.invokers.TestInvoker.invokeTestMethods(TestInvoker.java:203)
at org.testng.internal.invokers.TestMethodWorker.invokeTestMethods(TestMethodWorker.java:154)
at org.testng.internal.invokers.TestMethodWorker.run(TestMethodWorker.java:134)
at java.base/java.util.ArrayList.forEach(ArrayList.java:1597)
at org.testng.TestRunner.privateRun(TestRunner.java:739)
at org.testng.TestRunner.run(TestRunner.java:614)
at org.testng.SuiteRunner.runTest(SuiteRunner.java:421)
at org.testng.SuiteRunner.runSequentially(SuiteRunner.java:413)
at org.testng.SuiteRunner.privateRun(SuiteRunner.java:373)
at org.testng.SuiteRunner.run(SuiteRunner.java:312)
at org.testng.SuiteRunnerWorker.runSuite(SuiteRunnerWorker.java:52)
at org.testng.SuiteRunnerWorker.run(SuiteRunnerWorker.java:95)
at org.testng.TestNG.runSuitesSequentially(TestNG.java:1274)
at org.testng.TestNG.runSuitesLocally(TestNG.java:1208)
at org.testng.TestNG.runSuites(TestNG.java:1112)
at org.testng.TestNG.run(TestNG.java:1079)
at org.testng.remote.AbstractRemoteTestNG.run(AbstractRemoteTestNG.java:115)
at org.testng.remote.RemoteTestNG.initAndRun(RemoteTestNG.java:293)
at org.testng.remote.RemoteTestNG.main(RemoteTestNG.java:91)
Caused by: org.openqa.selenium.ElementClickInterceptedException: element click intercepted: Element <a class="c_k  " href="https://elpais.com/opinion/editoriales/" data-mrf-link="https://elpais.com/opinion/editoriales/" cmp-ltrk="portada_apertura" cmp-ltrk-idx="0" mrfobservableid="e0a2863c-d24b-4503-9c23-669647c4c34d">...</a> is not clickable at point (232, 5). Other element would receive the click: <div id="didomi-notice" data-testid="notice" class="didomi-regular-notice didomi-banner-notice-info-type didomi-notice-banner shape-banner top didomi-regular-notice-with-data-processing didomi-support-full-height" style="background-color: rgb(255, 255, 255); color: rgb(0, 0, 0); border-color: rgb(1, 108, 162);">...</div>
  (Session info: chrome=142.0.7444.60)
Build info: version: '4.23.0', revision: '4df0a231af'
System info: os.name: 'Windows 11', os.arch: 'amd64', os.version: '10.0', java.version: '22.0.1'
Driver info: org.openqa.selenium.remote.RemoteWebDriver
Command: [629c10a4b09dbb4029d7bc4652ee4f10f191f677, clickElement {id=f.FAAD76E4D8FB5B3EB74B2A31BD0512F5.d.14ADA7E66B068976F2F45D677D58B954.e.102}]
Capabilities {acceptInsecureCerts: false, browserName: chrome, browserVersion: 142.0.7444.60, chrome: {chromedriverVersion: 142.0.7444.59 (4b8153ab58d3..., userDataDir: C:\Windows\proxy\scoped_dir...}, fedcm:accounts: true, goog:chromeOptions: {debuggerAddress: localhost:7370}, goog:loggingPrefs: {browser: SEVERE, driver: ALL, performance: ALL, server: ALL}, goog:processID: 5140, networkConnectionEnabled: false, pageLoadStrategy: normal, platformName: Windows XP, proxy: Proxy(), se:bidiEnabled: false, se:cdpVersion: 142.0.7444.60, setWindowRect: true, strictFileInteractability: false, timeouts: {implicit: 0, pageLoad: 300000, script: 30000}, unhandledPromptBehavior: dismiss and notify, webauthn:extension:credBlob: true, webauthn:extension:largeBlob: true, webauthn:extension:minPinLength: true, webauthn:extension:prf: true, webauthn:virtualAuthenticators: true}
Element: [[[[RemoteWebDriver: chrome on Windows XP (629c10a4b09dbb4029d7bc4652ee4f10f191f677)] -> tag name: article]] -> tag name: a]
Session ID: 629c10a4b09dbb4029d7bc4652ee4f10f191f677
at java.base/jdk.internal.reflect.DirectConstructorHandleAccessor.newInstance(DirectConstructorHandleAccessor.java:62)
at java.base/java.lang.reflect.Constructor.newInstanceWithCaller(Constructor.java:502)
at java.base/java.lang.reflect.Constructor.newInstance(Constructor.java:486)
at org.openqa.selenium.remote.ErrorCodec.decode(ErrorCodec.java:167)
at org.openqa.selenium.remote.codec.w3c.W3CHttpResponseCodec.decode(W3CHttpResponseCodec.java:138)
at org.openqa.selenium.remote.codec.w3c.W3CHttpResponseCodec.decode(W3CHttpResponseCodec.java:50)
at org.openqa.selenium.remote.HttpCommandExecutor.execute(HttpCommandExecutor.java:190)
at org.openqa.selenium.remote.TracedCommandExecutor.execute(TracedCommandExecutor.java:53)
at org.openqa.selenium.remote.RemoteWebDriver.execute(RemoteWebDriver.java:527)
at org.openqa.selenium.remote.RemoteWebElement.execute(RemoteWebElement.java:223)
at org.openqa.selenium.remote.RemoteWebElement.click(RemoteWebElement.java:76)
at Assessment.TestCase.elPaisArticleScraper(TestCase.java:91)
... 26 more
]]>
    </failure>
  </testcase> <!-- elPaisArticleScraper -->
</testsuite> <!-- Default test -->
