<?xml version="1.0" encoding="UTF-8"?>
<testng-results ignored="0" total="3" passed="3" failed="0" skipped="0">
  <reporter-output>
  </reporter-output>
  <suite started-at="2025-11-19T21:21:32 IST" name="Default suite" finished-at="2025-11-19T21:23:47 IST" duration-ms="134719">
    <groups>
    </groups>
    <test started-at="2025-11-19T21:21:32 IST" name="Default test-2" finished-at="2025-11-19T21:23:02 IST" duration-ms="89640">
      <class name="Assessment.TestCase">
        <test-method is-config="true" signature="setUp(java.lang.String,java.lang.String,java.lang.String)[pri:0, instance:Assessment.TestCase@4a3bd45b]" started-at="2025-11-19T21:21:33 IST" name="setUp" finished-at="2025-11-19T21:21:55 IST" duration-ms="22973" status="PASS">
          <params>
            <param index="0">
              <value>
                <![CDATA[chrome]]>
              </value>
            </param>
            <param index="1">
              <value>
                <![CDATA[Windows 10]]>
              </value>
            </param>
            <param index="2">
              <value>
                <![CDATA[false]]>
              </value>
            </param>
          </params>
          <reporter-output>
          </reporter-output>
        </test-method> <!-- setUp -->
        <test-method signature="elPaisArticleScraper()[pri:0, instance:Assessment.TestCase@4a3bd45b]" started-at="2025-11-19T21:21:56 IST" name="elPaisArticleScraper" finished-at="2025-11-19T21:23:00 IST" duration-ms="64094" status="PASS">
          <reporter-output>
          </reporter-output>
        </test-method> <!-- elPaisArticleScraper -->
        <test-method is-config="true" signature="tearDown()[pri:0, instance:Assessment.TestCase@4a3bd45b]" started-at="2025-11-19T21:23:01 IST" name="tearDown" finished-at="2025-11-19T21:23:02 IST" duration-ms="1540" status="PASS">
          <reporter-output>
          </reporter-output>
        </test-method> <!-- tearDown -->
      </class> <!-- Assessment.TestCase -->
    </test> <!-- Default test-2 -->
    <test started-at="2025-11-19T21:21:32 IST" name="Default test-1" finished-at="2025-11-19T21:23:15 IST" duration-ms="102273">
      <class name="Assessment.TestCase">
        <test-method is-config="true" signature="setUp(java.lang.String,java.lang.String,java.lang.String)[pri:0, instance:Assessment.TestCase@49a6f486]" started-at="2025-11-19T21:21:33 IST" name="setUp" finished-at="2025-11-19T21:21:43 IST" duration-ms="10023" status="PASS">
          <params>
            <param index="0">
              <value>
                <![CDATA[chrome]]>
              </value>
            </param>
            <param index="1">
              <value>
                <![CDATA[Windows 10]]>
              </value>
            </param>
            <param index="2">
              <value>
                <![CDATA[false]]>
              </value>
            </param>
          </params>
          <reporter-output>
          </reporter-output>
        </test-method> <!-- setUp -->
        <test-method signature="elPaisArticleScraper()[pri:0, instance:Assessment.TestCase@49a6f486]" started-at="2025-11-19T21:21:43 IST" name="elPaisArticleScraper" finished-at="2025-11-19T21:23:12 IST" duration-ms="89305" status="PASS">
          <reporter-output>
          </reporter-output>
        </test-method> <!-- elPaisArticleScraper -->
        <test-method is-config="true" signature="tearDown()[pri:0, instance:Assessment.TestCase@49a6f486]" started-at="2025-11-19T21:23:13 IST" name="tearDown" finished-at="2025-11-19T21:23:15 IST" duration-ms="1893" status="PASS">
          <reporter-output>
          </reporter-output>
        </test-method> <!-- tearDown -->
      </class> <!-- Assessment.TestCase -->
    </test> <!-- Default test-1 -->
    <test started-at="2025-11-19T21:21:32 IST" name="Default test-0" finished-at="2025-11-19T21:23:47 IST" duration-ms="134719">
      <class name="Assessment.TestCase">
        <test-method is-config="true" signature="setUp(java.lang.String,java.lang.String,java.lang.String)[pri:0, instance:Assessment.TestCase@76130a29]" started-at="2025-11-19T21:21:33 IST" name="setUp" finished-at="2025-11-19T21:21:44 IST" duration-ms="11077" status="PASS">
          <params>
            <param index="0">
              <value>
                <![CDATA[chrome]]>
              </value>
            </param>
            <param index="1">
              <value>
                <![CDATA[Windows 10]]>
              </value>
            </param>
            <param index="2">
              <value>
                <![CDATA[false]]>
              </value>
            </param>
          </params>
          <reporter-output>
          </reporter-output>
        </test-method> <!-- setUp -->
        <test-method signature="elPaisArticleScraper()[pri:0, instance:Assessment.TestCase@76130a29]" started-at="2025-11-19T21:21:44 IST" name="elPaisArticleScraper" finished-at="2025-11-19T21:23:44 IST" duration-ms="120798" status="PASS">
          <reporter-output>
          </reporter-output>
        </test-method> <!-- elPaisArticleScraper -->
        <test-method is-config="true" signature="tearDown()[pri:0, instance:Assessment.TestCase@76130a29]" started-at="2025-11-19T21:23:45 IST" name="tearDown" finished-at="2025-11-19T21:23:47 IST" duration-ms="1844" status="PASS">
          <reporter-output>
          </reporter-output>
        </test-method> <!-- tearDown -->
      </class> <!-- Assessment.TestCase -->
    </test> <!-- Default test-0 -->
  </suite> <!-- Default suite -->
</testng-results>
